digraph snakemake_dag {
    graph[bgcolor=white, margin=0];
    node[shape=box, style=rounded, fontname=sans,                 fontsize=10, penwidth=2];
    edge[penwidth=2, color=grey];
	0[label = "all", color = "0.00 0.6 0.85", style="rounded,dashed"];
	1[label = "plot_quals", color = "0.22 0.6 0.85", style="rounded,dashed"];
	2[label = "bcftools_call", color = "0.44 0.6 0.85", style="rounded,dashed"];
	3[label = "samtools_sort", color = "0.33 0.6 0.85", style="rounded,dashed"];
	4[label = "bwa_map\nsample: A", color = "0.56 0.6 0.85", style="rounded,dashed"];
	5[label = "samtools_sort", color = "0.33 0.6 0.85", style="rounded,dashed"];
	6[label = "bwa_map\nsample: B", color = "0.56 0.6 0.85", style="rounded,dashed"];
	7[label = "samtools_index", color = "0.11 0.6 0.85", style="rounded,dashed"];
	8[label = "samtools_index", color = "0.11 0.6 0.85", style="rounded,dashed"];
	1 -> 0
	2 -> 1
	3 -> 2
	5 -> 2
	7 -> 2
	8 -> 2
	4 -> 3
	6 -> 5
	3 -> 7
	5 -> 8
}            
